<?xml version="1.0" encoding="UTF-8"?>
<!-- Generated by org.testng.reporters.JUnitReportReporter -->
<testsuite hostname="FFE-Pavankumar-Hebsur-FFE241" failures="0" tests="1" name="dataDriven.excelDataProvider.excel" time="0.595" errors="0" timestamp="2024-02-14T12:43:09 IST" skipped="0">
  <testcase classname="dataDriven.excelDataProvider.excel" name="getExcel" time="0.595"/>
</testsuite> <!-- dataDriven.excelDataProvider.excel -->
